# JRE version: OpenJDK Runtime Environment (8.0_152-b06) (build 1.8.0_152-release-1136-b06)
# Java VM: OpenJDK 64-Bit Server VM (25.152-b06 mixed mode windows-amd64 compressed oops)
Heap:
 PSYoungGen      total 349696K, used 98231K [0x00000000e0000000, 0x0000000100000000, 0x0000000100000000)
  eden space 175104K, 0% used [0x00000000e0000000,0x00000000e0000000,0x00000000eab00000)
  from space 174592K, 56% used [0x00000000eab00000,0x00000000f0aedf98,0x00000000f5580000)
  to   space 174592K, 0% used [0x00000000f5580000,0x00000000f5580000,0x0000000100000000)
 ParOldGen       total 672768K, used 629317K [0x00000000a0000000, 0x00000000c9100000, 0x00000000e0000000)
  object space 672768K, 93% used [0x00000000a0000000,0x00000000c6691448,0x00000000c9100000)
 Metaspace       used 165685K, capacity 173932K, committed 209368K, reserved 1232896K
  class space    used 19182K, capacity 21031K, committed 25344K, reserved 1048576K
GC Heap History (10 events):
Event: 1391.673 GC heap after
Heap after GC invocations=85 (full 10):
 PSYoungGen      total 329728K, used 137877K [0x00000000e0000000, 0x0000000100000000, 0x0000000100000000)
  eden space 191488K, 0% used [0x00000000e0000000,0x00000000e0000000,0x00000000ebb00000)
  from space 138240K, 99% used [0x00000000ebb00000,0x00000000f41a55b8,0x00000000f4200000)
  to   space 174592K, 0% used [0x00000000f5580000,0x00000000f5580000,0x0000000100000000)
 ParOldGen       total 672768K, used 498951K [0x00000000a0000000, 0x00000000c9100000, 0x00000000e0000000)
  object space 672768K, 74% used [0x00000000a0000000,0x00000000be741da8,0x00000000c9100000)
 Metaspace       used 165438K, capacity 173628K, committed 209368K, reserved 1232896K
  class space    used 19172K, capacity 20991K, committed 25344K, reserved 1048576K
}
Event: 1393.893 GC heap before
{Heap before GC invocations=86 (full 10):
 PSYoungGen      total 329728K, used 329365K [0x00000000e0000000, 0x0000000100000000, 0x0000000100000000)
  eden space 191488K, 100% used [0x00000000e0000000,0x00000000ebb00000,0x00000000ebb00000)
  from space 138240K, 99% used [0x00000000ebb00000,0x00000000f41a55b8,0x00000000f4200000)
  to   space 174592K, 0% used [0x00000000f5580000,0x00000000f5580000,0x0000000100000000)
 ParOldGen       total 672768K, used 498951K [0x00000000a0000000, 0x00000000c9100000, 0x00000000e0000000)
  object space 672768K, 74% used [0x00000000a0000000,0x00000000be741da8,0x00000000c9100000)
 Metaspace       used 165449K, capacity 173628K, committed 209368K, reserved 1232896K
  class space    used 19172K, capacity 20991K, committed 25344K, reserved 1048576K
Event: 1394.085 GC heap after
Heap after GC invocations=86 (full 10):
 PSYoungGen      total 349696K, used 165774K [0x00000000e0000000, 0x0000000100000000, 0x0000000100000000)
  eden space 175104K, 0% used [0x00000000e0000000,0x00000000e0000000,0x00000000eab00000)
  from space 174592K, 94% used [0x00000000f5580000,0x00000000ff763970,0x0000000100000000)
  to   space 174592K, 0% used [0x00000000eab00000,0x00000000eab00000,0x00000000f5580000)
 ParOldGen       total 672768K, used 498951K [0x00000000a0000000, 0x00000000c9100000, 0x00000000e0000000)
  object space 672768K, 74% used [0x00000000a0000000,0x00000000be741da8,0x00000000c9100000)
 Metaspace       used 165449K, capacity 173628K, committed 209368K, reserved 1232896K
  class space    used 19172K, capacity 20991K, committed 25344K, reserved 1048576K
}
Event: 1395.752 GC heap before
{Heap before GC invocations=87 (full 10):
 PSYoungGen      total 349696K, used 340878K [0x00000000e0000000, 0x0000000100000000, 0x0000000100000000)
  eden space 175104K, 100% used [0x00000000e0000000,0x00000000eab00000,0x00000000eab00000)
  from space 174592K, 94% used [0x00000000f5580000,0x00000000ff763970,0x0000000100000000)
  to   space 174592K, 0% used [0x00000000eab00000,0x00000000eab00000,0x00000000f5580000)
 ParOldGen       total 672768K, used 498951K [0x00000000a0000000, 0x00000000c9100000, 0x00000000e0000000)
  object space 672768K, 74% used [0x00000000a0000000,0x00000000be741da8,0x00000000c9100000)
 Metaspace       used 165479K, capacity 173692K, committed 209368K, reserved 1232896K
  class space    used 19172K, capacity 20991K, committed 25344K, reserved 1048576K
Event: 1395.973 GC heap after
Heap after GC invocations=87 (full 10):
 PSYoungGen      total 349696K, used 174569K [0x00000000e0000000, 0x0000000100000000, 0x0000000100000000)
  eden space 175104K, 0% used [0x00000000e0000000,0x00000000e0000000,0x00000000eab00000)
  from space 174592K, 99% used [0x00000000eab00000,0x00000000f557a7c8,0x00000000f5580000)
  to   space 174592K, 0% used [0x00000000f5580000,0x00000000f5580000,0x0000000100000000)
 ParOldGen       total 672768K, used 523032K [0x00000000a0000000, 0x00000000c9100000, 0x00000000e0000000)
  object space 672768K, 77% used [0x00000000a0000000,0x00000000bfec61d0,0x00000000c9100000)
 Metaspace       used 165479K, capacity 173692K, committed 209368K, reserved 1232896K
  class space    used 19172K, capacity 20991K, committed 25344K, reserved 1048576K
}
Event: 1397.509 GC heap before
{Heap before GC invocations=88 (full 10):
 PSYoungGen      total 349696K, used 349673K [0x00000000e0000000, 0x0000000100000000, 0x0000000100000000)
  eden space 175104K, 100% used [0x00000000e0000000,0x00000000eab00000,0x00000000eab00000)
  from space 174592K, 99% used [0x00000000eab00000,0x00000000f557a7c8,0x00000000f5580000)
  to   space 174592K, 0% used [0x00000000f5580000,0x00000000f5580000,0x0000000100000000)
 ParOldGen       total 672768K, used 523032K [0x00000000a0000000, 0x00000000c9100000, 0x00000000e0000000)
  object space 672768K, 77% used [0x00000000a0000000,0x00000000bfec61d0,0x00000000c9100000)
 Metaspace       used 165494K, capacity 173692K, committed 209368K, reserved 1232896K
  class space    used 19172K, capacity 20991K, committed 25344K, reserved 1048576K
Event: 1397.786 GC heap after
Heap after GC invocations=88 (full 10):
 PSYoungGen      total 349696K, used 140326K [0x00000000e0000000, 0x0000000100000000, 0x0000000100000000)
  eden space 175104K, 0% used [0x00000000e0000000,0x00000000e0000000,0x00000000eab00000)
  from space 174592K, 80% used [0x00000000f5580000,0x00000000fde89ad0,0x0000000100000000)
  to   space 174592K, 0% used [0x00000000eab00000,0x00000000eab00000,0x00000000f5580000)
 ParOldGen       total 672768K, used 575745K [0x00000000a0000000, 0x00000000c9100000, 0x00000000e0000000)
  object space 672768K, 85% used [0x00000000a0000000,0x00000000c3240520,0x00000000c9100000)
 Metaspace       used 165494K, capacity 173692K, committed 209368K, reserved 1232896K
  class space    used 19172K, capacity 20991K, committed 25344K, reserved 1048576K
}
Event: 1401.778 GC heap before
{Heap before GC invocations=89 (full 10):
 PSYoungGen      total 349696K, used 315430K [0x00000000e0000000, 0x0000000100000000, 0x0000000100000000)
  eden space 175104K, 100% used [0x00000000e0000000,0x00000000eab00000,0x00000000eab00000)
  from space 174592K, 80% used [0x00000000f5580000,0x00000000fde89ad0,0x0000000100000000)
  to   space 174592K, 0% used [0x00000000eab00000,0x00000000eab00000,0x00000000f5580000)
 ParOldGen       total 672768K, used 575745K [0x00000000a0000000, 0x00000000c9100000, 0x00000000e0000000)
  object space 672768K, 85% used [0x00000000a0000000,0x00000000c3240520,0x00000000c9100000)
 Metaspace       used 165685K, capacity 173932K, committed 209368K, reserved 1232896K
  class space    used 19182K, capacity 21031K, committed 25344K, reserved 1048576K
Event: 1401.980 GC heap after
Heap after GC invocations=89 (full 10):
 PSYoungGen      total 349696K, used 98231K [0x00000000e0000000, 0x0000000100000000, 0x0000000100000000)
  eden space 175104K, 0% used [0x00000000e0000000,0x00000000e0000000,0x00000000eab00000)
  from space 174592K, 56% used [0x00000000eab00000,0x00000000f0aedf98,0x00000000f5580000)
  to   space 174592K, 0% used [0x00000000f5580000,0x00000000f5580000,0x0000000100000000)
 ParOldGen       total 672768K, used 629317K [0x00000000a0000000, 0x00000000c9100000, 0x00000000e0000000)
  object space 672768K, 93% used [0x00000000a0000000,0x00000000c6691448,0x00000000c9100000)
 Metaspace       used 165685K, capacity 173932K, committed 209368K, reserved 1232896K
  class space    used 19182K, capacity 21031K, committed 25344K, reserved 1048576K
}
Event: 1401.980 GC heap before
{Heap before GC invocations=90 (full 11):
 PSYoungGen      total 349696K, used 98231K [0x00000000e0000000, 0x0000000100000000, 0x0000000100000000)
  eden space 175104K, 0% used [0x00000000e0000000,0x00000000e0000000,0x00000000eab00000)
  from space 174592K, 56% used [0x00000000eab00000,0x00000000f0aedf98,0x00000000f5580000)
  to   space 174592K, 0% used [0x00000000f5580000,0x00000000f5580000,0x0000000100000000)
 ParOldGen       total 672768K, used 629317K [0x00000000a0000000, 0x00000000c9100000, 0x00000000e0000000)
  object space 672768K, 93% used [0x00000000a0000000,0x00000000c6691448,0x00000000c9100000)
 Metaspace       used 165685K, capacity 173932K, committed 209368K, reserved 1232896K
  class space    used 19182K, capacity 21031K, committed 25344K, reserved 1048576K

