# JRE version: OpenJDK Runtime Environment (8.0_152-b06) (build 1.8.0_152-release-1136-b06)
# Java VM: OpenJDK 64-Bit Server VM (25.152-b06 mixed mode windows-amd64 compressed oops)
Heap:
 PSYoungGen      total 70144K, used 55562K [0x00000000e0000000, 0x00000000e6700000, 0x0000000100000000)
  eden space 59904K, 80% used [0x00000000e0000000,0x00000000e2f49528,0x00000000e3a80000)
  from space 10240K, 69% used [0x00000000e3a80000,0x00000000e4179428,0x00000000e4480000)
  to   space 10240K, 0% used [0x00000000e5d00000,0x00000000e5d00000,0x00000000e6700000)
 ParOldGen       total 62464K, used 11004K [0x00000000a0000000, 0x00000000a3d00000, 0x00000000e0000000)
  object space 62464K, 17% used [0x00000000a0000000,0x00000000a0abf350,0x00000000a3d00000)
 Metaspace       used 30295K, capacity 30992K, committed 31104K, reserved 1075200K
  class space    used 4245K, capacity 4467K, committed 4480K, reserved 1048576K
GC Heap History (10 events):
Event: 6.889 GC heap before
{Heap before GC invocations=4 (full 0):
 PSYoungGen      total 38400K, used 38371K [0x00000000e0000000, 0x00000000e2a80000, 0x0000000100000000)
  eden space 33280K, 100% used [0x00000000e0000000,0x00000000e2080000,0x00000000e2080000)
  from space 5120K, 99% used [0x00000000e2080000,0x00000000e2578e68,0x00000000e2580000)
  to   space 5120K, 0% used [0x00000000e2580000,0x00000000e2580000,0x00000000e2a80000)
 ParOldGen       total 87552K, used 2077K [0x00000000a0000000, 0x00000000a5580000, 0x00000000e0000000)
  object space 87552K, 2% used [0x00000000a0000000,0x00000000a0207720,0x00000000a5580000)
 Metaspace       used 17270K, capacity 17752K, committed 18048K, reserved 1064960K
  class space    used 2491K, capacity 2620K, committed 2688K, reserved 1048576K
Event: 6.920 GC heap after
Heap after GC invocations=4 (full 0):
 PSYoungGen      total 38400K, used 5088K [0x00000000e0000000, 0x00000000e4b00000, 0x0000000100000000)
  eden space 33280K, 0% used [0x00000000e0000000,0x00000000e0000000,0x00000000e2080000)
  from space 5120K, 99% used [0x00000000e2580000,0x00000000e2a78020,0x00000000e2a80000)
  to   space 5120K, 0% used [0x00000000e2080000,0x00000000e2080000,0x00000000e2580000)
 ParOldGen       total 87552K, used 5302K [0x00000000a0000000, 0x00000000a5580000, 0x00000000e0000000)
  object space 87552K, 6% used [0x00000000a0000000,0x00000000a052db90,0x00000000a5580000)
 Metaspace       used 17270K, capacity 17752K, committed 18048K, reserved 1064960K
  class space    used 2491K, capacity 2620K, committed 2688K, reserved 1048576K
}
Event: 7.576 GC heap before
{Heap before GC invocations=5 (full 0):
 PSYoungGen      total 38400K, used 24432K [0x00000000e0000000, 0x00000000e4b00000, 0x0000000100000000)
  eden space 33280K, 58% used [0x00000000e0000000,0x00000000e12e4008,0x00000000e2080000)
  from space 5120K, 99% used [0x00000000e2580000,0x00000000e2a78020,0x00000000e2a80000)
  to   space 5120K, 0% used [0x00000000e2080000,0x00000000e2080000,0x00000000e2580000)
 ParOldGen       total 87552K, used 5302K [0x00000000a0000000, 0x00000000a5580000, 0x00000000e0000000)
  object space 87552K, 6% used [0x00000000a0000000,0x00000000a052db90,0x00000000a5580000)
 Metaspace       used 20769K, capacity 21212K, committed 21248K, reserved 1067008K
  class space    used 2903K, capacity 3043K, committed 3072K, reserved 1048576K
Event: 7.588 GC heap after
Heap after GC invocations=5 (full 0):
 PSYoungGen      total 38400K, used 5088K [0x00000000e0000000, 0x00000000e5500000, 0x0000000100000000)
  eden space 33280K, 0% used [0x00000000e0000000,0x00000000e0000000,0x00000000e2080000)
  from space 5120K, 99% used [0x00000000e2080000,0x00000000e2578030,0x00000000e2580000)
  to   space 10240K, 0% used [0x00000000e4b00000,0x00000000e4b00000,0x00000000e5500000)
 ParOldGen       total 87552K, used 8371K [0x00000000a0000000, 0x00000000a5580000, 0x00000000e0000000)
  object space 87552K, 9% used [0x00000000a0000000,0x00000000a082ce88,0x00000000a5580000)
 Metaspace       used 20769K, capacity 21212K, committed 21248K, reserved 1067008K
  class space    used 2903K, capacity 3043K, committed 3072K, reserved 1048576K
}
Event: 7.588 GC heap before
{Heap before GC invocations=6 (full 1):
 PSYoungGen      total 38400K, used 5088K [0x00000000e0000000, 0x00000000e5500000, 0x0000000100000000)
  eden space 33280K, 0% used [0x00000000e0000000,0x00000000e0000000,0x00000000e2080000)
  from space 5120K, 99% used [0x00000000e2080000,0x00000000e2578030,0x00000000e2580000)
  to   space 10240K, 0% used [0x00000000e4b00000,0x00000000e4b00000,0x00000000e5500000)
 ParOldGen       total 87552K, used 8371K [0x00000000a0000000, 0x00000000a5580000, 0x00000000e0000000)
  object space 87552K, 9% used [0x00000000a0000000,0x00000000a082ce88,0x00000000a5580000)
 Metaspace       used 20769K, capacity 21212K, committed 21248K, reserved 1067008K
  class space    used 2903K, capacity 3043K, committed 3072K, reserved 1048576K
Event: 7.653 GC heap after
Heap after GC invocations=6 (full 1):
 PSYoungGen      total 38400K, used 0K [0x00000000e0000000, 0x00000000e5500000, 0x0000000100000000)
  eden space 33280K, 0% used [0x00000000e0000000,0x00000000e0000000,0x00000000e2080000)
  from space 5120K, 0% used [0x00000000e2080000,0x00000000e2080000,0x00000000e2580000)
  to   space 10240K, 0% used [0x00000000e4b00000,0x00000000e4b00000,0x00000000e5500000)
 ParOldGen       total 62464K, used 10988K [0x00000000a0000000, 0x00000000a3d00000, 0x00000000e0000000)
  object space 62464K, 17% used [0x00000000a0000000,0x00000000a0abb350,0x00000000a3d00000)
 Metaspace       used 20769K, capacity 21212K, committed 21248K, reserved 1067008K
  class space    used 2903K, capacity 3043K, committed 3072K, reserved 1048576K
}
Event: 8.150 GC heap before
{Heap before GC invocations=7 (full 1):
 PSYoungGen      total 38400K, used 33280K [0x00000000e0000000, 0x00000000e5500000, 0x0000000100000000)
  eden space 33280K, 100% used [0x00000000e0000000,0x00000000e2080000,0x00000000e2080000)
  from space 5120K, 0% used [0x00000000e2080000,0x00000000e2080000,0x00000000e2580000)
  to   space 10240K, 0% used [0x00000000e4b00000,0x00000000e4b00000,0x00000000e5500000)
 ParOldGen       total 62464K, used 10988K [0x00000000a0000000, 0x00000000a3d00000, 0x00000000e0000000)
  object space 62464K, 17% used [0x00000000a0000000,0x00000000a0abb350,0x00000000a3d00000)
 Metaspace       used 23755K, capacity 24244K, committed 24448K, reserved 1071104K
  class space    used 3267K, capacity 3435K, committed 3456K, reserved 1048576K
Event: 8.156 GC heap after
Heap after GC invocations=7 (full 1):
 PSYoungGen      total 56832K, used 3484K [0x00000000e0000000, 0x00000000e4e80000, 0x0000000100000000)
  eden space 53248K, 0% used [0x00000000e0000000,0x00000000e0000000,0x00000000e3400000)
  from space 3584K, 97% used [0x00000000e4b00000,0x00000000e4e67060,0x00000000e4e80000)
  to   space 10240K, 0% used [0x00000000e3a80000,0x00000000e3a80000,0x00000000e4480000)
 ParOldGen       total 62464K, used 10996K [0x00000000a0000000, 0x00000000a3d00000, 0x00000000e0000000)
  object space 62464K, 17% used [0x00000000a0000000,0x00000000a0abd350,0x00000000a3d00000)
 Metaspace       used 23755K, capacity 24244K, committed 24448K, reserved 1071104K
  class space    used 3267K, capacity 3435K, committed 3456K, reserved 1048576K
}
Event: 9.386 GC heap before
{Heap before GC invocations=8 (full 1):
 PSYoungGen      total 56832K, used 56732K [0x00000000e0000000, 0x00000000e4e80000, 0x0000000100000000)
  eden space 53248K, 100% used [0x00000000e0000000,0x00000000e3400000,0x00000000e3400000)
  from space 3584K, 97% used [0x00000000e4b00000,0x00000000e4e67060,0x00000000e4e80000)
  to   space 10240K, 0% used [0x00000000e3a80000,0x00000000e3a80000,0x00000000e4480000)
 ParOldGen       total 62464K, used 10996K [0x00000000a0000000, 0x00000000a3d00000, 0x00000000e0000000)
  object space 62464K, 17% used [0x00000000a0000000,0x00000000a0abd350,0x00000000a3d00000)
 Metaspace       used 27468K, capacity 28110K, committed 28288K, reserved 1073152K
  class space    used 3758K, capacity 3959K, committed 3968K, reserved 1048576K
Event: 9.402 GC heap after
Heap after GC invocations=8 (full 1):
 PSYoungGen      total 70144K, used 7141K [0x00000000e0000000, 0x00000000e6700000, 0x0000000100000000)
  eden space 59904K, 0% used [0x00000000e0000000,0x00000000e0000000,0x00000000e3a80000)
  from space 10240K, 69% used [0x00000000e3a80000,0x00000000e4179428,0x00000000e4480000)
  to   space 10240K, 0% used [0x00000000e5d00000,0x00000000e5d00000,0x00000000e6700000)
 ParOldGen       total 62464K, used 11004K [0x00000000a0000000, 0x00000000a3d00000, 0x00000000e0000000)
  object space 62464K, 17% used [0x00000000a0000000,0x00000000a0abf350,0x00000000a3d00000)
 Metaspace       used 27468K, capacity 28110K, committed 28288K, reserved 1073152K
  class space    used 3758K, capacity 3959K, committed 3968K, reserved 1048576K
}

