# JRE version: OpenJDK Runtime Environment (8.0_152-b06) (build 1.8.0_152-release-1136-b06)
# Java VM: OpenJDK 64-Bit Server VM (25.152-b06 mixed mode windows-amd64 compressed oops)
Heap:
 PSYoungGen      total 132608K, used 75626K [0x00000000e0000000, 0x00000000e9f00000, 0x0000000100000000)
  eden space 113152K, 56% used [0x00000000e0000000,0x00000000e3ea0be8,0x00000000e6e80000)
  from space 19456K, 59% used [0x00000000e6e80000,0x00000000e79b9d78,0x00000000e8180000)
  to   space 18944K, 0% used [0x00000000e8c80000,0x00000000e8c80000,0x00000000e9f00000)
 ParOldGen       total 169984K, used 98139K [0x00000000a0000000, 0x00000000aa600000, 0x00000000e0000000)
  object space 169984K, 57% used [0x00000000a0000000,0x00000000a5fd6c48,0x00000000aa600000)
 Metaspace       used 66777K, capacity 71698K, committed 71808K, reserved 1110016K
  class space    used 9013K, capacity 10355K, committed 10368K, reserved 1048576K
GC Heap History (10 events):
Event: 82.261 GC heap before
{Heap before GC invocations=25 (full 3):
 PSYoungGen      total 99840K, used 92092K [0x00000000e0000000, 0x00000000e8780000, 0x0000000100000000)
  eden space 79360K, 100% used [0x00000000e0000000,0x00000000e4d80000,0x00000000e4d80000)
  from space 20480K, 62% used [0x00000000e4d80000,0x00000000e59ef1f0,0x00000000e6180000)
  to   space 20992K, 0% used [0x00000000e7300000,0x00000000e7300000,0x00000000e8780000)
 ParOldGen       total 95232K, used 67485K [0x00000000a0000000, 0x00000000a5d00000, 0x00000000e0000000)
  object space 95232K, 70% used [0x00000000a0000000,0x00000000a41e76d0,0x00000000a5d00000)
 Metaspace       used 60105K, capacity 64764K, committed 64896K, reserved 1103872K
  class space    used 8229K, capacity 9510K, committed 9600K, reserved 1048576K
Event: 82.329 GC heap after
Heap after GC invocations=25 (full 3):
 PSYoungGen      total 118784K, used 9888K [0x00000000e0000000, 0x00000000e8a00000, 0x0000000100000000)
  eden space 97792K, 0% used [0x00000000e0000000,0x00000000e0000000,0x00000000e5f80000)
  from space 20992K, 47% used [0x00000000e7300000,0x00000000e7ca8000,0x00000000e8780000)
  to   space 19968K, 0% used [0x00000000e5f80000,0x00000000e5f80000,0x00000000e7300000)
 ParOldGen       total 95232K, used 79037K [0x00000000a0000000, 0x00000000a5d00000, 0x00000000e0000000)
  object space 95232K, 82% used [0x00000000a0000000,0x00000000a4d2f720,0x00000000a5d00000)
 Metaspace       used 60105K, capacity 64764K, committed 64896K, reserved 1103872K
  class space    used 8229K, capacity 9510K, committed 9600K, reserved 1048576K
}
Event: 94.961 GC heap before
{Heap before GC invocations=26 (full 3):
 PSYoungGen      total 118784K, used 107680K [0x00000000e0000000, 0x00000000e8a00000, 0x0000000100000000)
  eden space 97792K, 100% used [0x00000000e0000000,0x00000000e5f80000,0x00000000e5f80000)
  from space 20992K, 47% used [0x00000000e7300000,0x00000000e7ca8000,0x00000000e8780000)
  to   space 19968K, 0% used [0x00000000e5f80000,0x00000000e5f80000,0x00000000e7300000)
 ParOldGen       total 95232K, used 79037K [0x00000000a0000000, 0x00000000a5d00000, 0x00000000e0000000)
  object space 95232K, 82% used [0x00000000a0000000,0x00000000a4d2f720,0x00000000a5d00000)
 Metaspace       used 62786K, capacity 67744K, committed 67840K, reserved 1107968K
  class space    used 8592K, capacity 9920K, committed 9984K, reserved 1048576K
Event: 94.996 GC heap after
Heap after GC invocations=26 (full 3):
 PSYoungGen      total 117760K, used 12589K [0x00000000e0000000, 0x00000000e9f80000, 0x0000000100000000)
  eden space 97792K, 0% used [0x00000000e0000000,0x00000000e0000000,0x00000000e5f80000)
  from space 19968K, 63% used [0x00000000e5f80000,0x00000000e6bcb578,0x00000000e7300000)
  to   space 19968K, 0% used [0x00000000e8c00000,0x00000000e8c00000,0x00000000e9f80000)
 ParOldGen       total 95232K, used 88849K [0x00000000a0000000, 0x00000000a5d00000, 0x00000000e0000000)
  object space 95232K, 93% used [0x00000000a0000000,0x00000000a56c47c0,0x00000000a5d00000)
 Metaspace       used 62786K, capacity 67744K, committed 67840K, reserved 1107968K
  class space    used 8592K, capacity 9920K, committed 9984K, reserved 1048576K
}
Event: 94.996 GC heap before
{Heap before GC invocations=27 (full 4):
 PSYoungGen      total 117760K, used 12589K [0x00000000e0000000, 0x00000000e9f80000, 0x0000000100000000)
  eden space 97792K, 0% used [0x00000000e0000000,0x00000000e0000000,0x00000000e5f80000)
  from space 19968K, 63% used [0x00000000e5f80000,0x00000000e6bcb578,0x00000000e7300000)
  to   space 19968K, 0% used [0x00000000e8c00000,0x00000000e8c00000,0x00000000e9f80000)
 ParOldGen       total 95232K, used 88849K [0x00000000a0000000, 0x00000000a5d00000, 0x00000000e0000000)
  object space 95232K, 93% used [0x00000000a0000000,0x00000000a56c47c0,0x00000000a5d00000)
 Metaspace       used 62786K, capacity 67744K, committed 67840K, reserved 1107968K
  class space    used 8592K, capacity 9920K, committed 9984K, reserved 1048576K
Event: 96.615 GC heap after
Heap after GC invocations=27 (full 4):
 PSYoungGen      total 117760K, used 4236K [0x00000000e0000000, 0x00000000e9f80000, 0x0000000100000000)
  eden space 97792K, 0% used [0x00000000e0000000,0x00000000e0000000,0x00000000e5f80000)
  from space 19968K, 21% used [0x00000000e5f80000,0x00000000e63a3018,0x00000000e7300000)
  to   space 19968K, 0% used [0x00000000e8c00000,0x00000000e8c00000,0x00000000e9f80000)
 ParOldGen       total 169984K, used 95159K [0x00000000a0000000, 0x00000000aa600000, 0x00000000e0000000)
  object space 169984K, 55% used [0x00000000a0000000,0x00000000a5cedc38,0x00000000aa600000)
 Metaspace       used 62786K, capacity 67744K, committed 67840K, reserved 1107968K
  class space    used 8592K, capacity 9920K, committed 9984K, reserved 1048576K
}
Event: 108.729 GC heap before
{Heap before GC invocations=28 (full 4):
 PSYoungGen      total 117760K, used 102028K [0x00000000e0000000, 0x00000000e9f80000, 0x0000000100000000)
  eden space 97792K, 100% used [0x00000000e0000000,0x00000000e5f80000,0x00000000e5f80000)
  from space 19968K, 21% used [0x00000000e5f80000,0x00000000e63a3018,0x00000000e7300000)
  to   space 19968K, 0% used [0x00000000e8c00000,0x00000000e8c00000,0x00000000e9f80000)
 ParOldGen       total 169984K, used 95159K [0x00000000a0000000, 0x00000000aa600000, 0x00000000e0000000)
  object space 169984K, 55% used [0x00000000a0000000,0x00000000a5cedc38,0x00000000aa600000)
 Metaspace       used 65788K, capacity 70652K, committed 71040K, reserved 1110016K
  class space    used 8958K, capacity 10284K, committed 10368K, reserved 1048576K
Event: 108.813 GC heap after
Heap after GC invocations=28 (full 4):
 PSYoungGen      total 121856K, used 8044K [0x00000000e0000000, 0x00000000e9480000, 0x0000000100000000)
  eden space 113152K, 0% used [0x00000000e0000000,0x00000000e0000000,0x00000000e6e80000)
  from space 8704K, 92% used [0x00000000e8c00000,0x00000000e93db240,0x00000000e9480000)
  to   space 19456K, 0% used [0x00000000e6e80000,0x00000000e6e80000,0x00000000e8180000)
 ParOldGen       total 169984K, used 98131K [0x00000000a0000000, 0x00000000aa600000, 0x00000000e0000000)
  object space 169984K, 57% used [0x00000000a0000000,0x00000000a5fd4c48,0x00000000aa600000)
 Metaspace       used 65788K, capacity 70652K, committed 71040K, reserved 1110016K
  class space    used 8958K, capacity 10284K, committed 10368K, reserved 1048576K
}
Event: 124.086 GC heap before
{Heap before GC invocations=29 (full 4):
 PSYoungGen      total 121856K, used 121196K [0x00000000e0000000, 0x00000000e9480000, 0x0000000100000000)
  eden space 113152K, 100% used [0x00000000e0000000,0x00000000e6e80000,0x00000000e6e80000)
  from space 8704K, 92% used [0x00000000e8c00000,0x00000000e93db240,0x00000000e9480000)
  to   space 19456K, 0% used [0x00000000e6e80000,0x00000000e6e80000,0x00000000e8180000)
 ParOldGen       total 169984K, used 98131K [0x00000000a0000000, 0x00000000aa600000, 0x00000000e0000000)
  object space 169984K, 57% used [0x00000000a0000000,0x00000000a5fd4c48,0x00000000aa600000)
 Metaspace       used 66499K, capacity 71322K, committed 71552K, reserved 1110016K
  class space    used 8993K, capacity 10325K, committed 10368K, reserved 1048576K
Event: 124.137 GC heap after
Heap after GC invocations=29 (full 4):
 PSYoungGen      total 132608K, used 11495K [0x00000000e0000000, 0x00000000e9f00000, 0x0000000100000000)
  eden space 113152K, 0% used [0x00000000e0000000,0x00000000e0000000,0x00000000e6e80000)
  from space 19456K, 59% used [0x00000000e6e80000,0x00000000e79b9d78,0x00000000e8180000)
  to   space 18944K, 0% used [0x00000000e8c80000,0x00000000e8c80000,0x00000000e9f00000)
 ParOldGen       total 169984K, used 98139K [0x00000000a0000000, 0x00000000aa600000, 0x00000000e0000000)
  object space 169984K, 57% used [0x00000000a0000000,0x00000000a5fd6c48,0x00000000aa600000)
 Metaspace       used 66499K, capacity 71322K, committed 71552K, reserved 1110016K
  class space    used 8993K, capacity 10325K, committed 10368K, reserved 1048576K
}

